// memory
80003458:memset
80003540:memcpy

// m_Do_ext.o
// text
8000EDF4:getArchiveHeapPtr
// data
8044AD74:archiveHeap

// d_save.o
80032AA8:getRupeeMax
800350BC:getSave
800350F0:putSave
800349bc:isEventBit
8003498c:onEventBit
80034934:isDungeonItem

// d_stage.o
8002586C:actorCommonLayerInit
80025A38:actorInit
80025b24:actorInit_always
// data
803F01D4:mStatus_roomControl

// d_event.o
80042778:defaultSkipStb
800429D4:skipper

// f_op_scene_req.o
// data
8044A754:freezeActors
8044AE20:isUsingOfOverlap

// f_ap_game.o
80018A6C:fapGm_Execute

// f_op_actor_mng.o
8001BBE8:createItemForPresentDemo
8001BC74:createItemForTrBoxDemo
8001c078:createDemoItem
8001C0D4:createItemForBoss
8001C174:createItemForMidBoss
8001C1B8:createItemForDirectGet
8001C1FC:createItemForSimpleDemo

// d_map_path_dmap.o
8003EE5C:getMapPlayerPos
8003EF20:getMapPlayerAngleY

// d_item.o
80097ECC:execItemGet
80097F20:checkItemGet
800982F4:item_func_UTUWA_HEART
803a8ed8:item_info
803a6700:item_resource
803a92d8:item_func_ptr

// d_a_alink.h
8009DA98:checkStageName
800B2754:setStickData
800BB4F0:checkHeavyStateOn
800C782C:procCoMetamorphoseInit
8011A734:checkTreasureRupeeReturn
803D6F94:linkStatus
803887fC:lanternVariables
80115C58:checkEventRun
800CF2A8:checkCanoeRide
800CF294:checkBoardRide
800CF2bC:checkHorseRide
800CF300:checkSpinnerRide
800CF2EC:checkBoarRide
8038badC:getSeType
801413e8:dComIfGs_isEventBit
801181d8:setGetItemFace

// data
80388C0C:ladderVars

// d_menu_collect.o
801B3300:setWalletMaxNum

// d_msg_flow.o
8024D24C:query022
8024d280:query023
8024d2bc:query024
8024d2dc:query025

// DynamicLink.o
8026508C:do_link

// JKRExpHeap.o
802D15C4:do_alloc_JKRExpHeap
802D1C48:do_free_JKRExpHeap

// OSCache.o
// 8033DA08:DCEnable
// 8033DA1C:DCInvalidateRange
8033DA48:DCFlushRange
// 8033DA78:DCStoreRange
// 8033DAA8:DCFlushRangeNoSync
// 8033DAD4:DCStoreRangeNoSync
// 8033DB00:DCZeroRange
8033DB2C:ICInvalidateRange
// 8033DB60:ICFlashInvalidate
// 8033DB70:ICEnable
// 8033DB84:__LCEnable
// 8033DC50:LCEnable
// 8033DC88:LCDisable
// 8033DCB0:LCStoreBlocks
// 8033DCD4:LCStoreData
// 8033DD80:LCQueueWait
// 8033DD94:L2GlobalInvalidate
// 8033DE2C:DMAErrorHandler
// 8033DF8C:__OSCacheInit

// runtime.o
803645A4:_savefpr_14
803645A8:_savefpr_15
803645AC:_savefpr_16
803645B0:_savefpr_17
803645B4:_savefpr_18
803645B8:_savefpr_19
803645BC:_savefpr_20
803645C0:_savefpr_21
803645C4:_savefpr_22
803645C8:_savefpr_23
803645CC:_savefpr_24
803645D0:_savefpr_25
803645D4:_savefpr_26
803645D8:_savefpr_27
803645DC:_savefpr_28
803645E0:_savefpr_29
803645E4:_savefpr_30
803645E8:_savefpr_31
8036463C:_savegpr_14
80364640:_savegpr_15
80364644:_savegpr_16
80364648:_savegpr_17
8036464C:_savegpr_18
80364650:_savegpr_19
80364654:_savegpr_20
80364658:_savegpr_21
8036465C:_savegpr_22
80364660:_savegpr_23
80364664:_savegpr_24
80364668:_savegpr_25
8036466C:_savegpr_26
80364670:_savegpr_27
80364674:_savegpr_28
80364678:_savegpr_29
8036467C:_savegpr_30
80364680:_savegpr_31
803648F8:__umoddi3

// mem.o
80368528:memcmp

// printf.o
80368978:sprintf
80368A58:snprintf

// string.o
8036AE30:strcmp
8036AFC8:strcpy
8036AF84:strncpy
8036adf0:strncmp
8036b080:strlen

//currentState
803B8000:current_state

// m_Do_controller_pad.o
// data
803D7428:cpadInfo

// d_com_inf_game.o
// data
80400300:dComIfG_gameInfo
8002B36C:setItemBombNumCount
8002f810:dComIfGs_Wolf_Change_Check
8002b434:getLayerNo_common_common

// d_kankyo.o
// data
80426B94:env_light

// JFWSystem.o
// data
8044B2F8:systemConsole

//currentState
803B8000:current_state

//canWarp
80400AF6:can_warp

//d_meter2_info.o
8042A2E4:wZButtonPtr

//Z2SceneMgr
802BBFA8:sceneChange

//Z2SeqMgr
802B72F0:startBattleBgm
802B18DC:subBgmStart
802AC328:startSound

//control.o
802a9e60:setMessageCode_inSequence

//d_msg_class.o
80229048:getFontCCColorTable
802290f4:getFontGCColorTable

//resource.o
802ab8d0:parseCharacter_1Byte

//processor.o
802aa094:getResource_groupID