// memory
80003458:memset
80003540:memcpy

// m_Do_ext.o
// text
8000EDF4:getArchiveHeapPtr
// data
80450C34:archiveHeap

// d_save.o
80032AA8:getRupeeMax
800350BC:getSave
800350F0:putSave

// d_stage.o
8002586C:actorCommonLayerInit
80025A38:actorInit
// data
803F6094:mStatus_roomControl

// d_event.o
80042778:defaultSkipStb
800429D4:skipper

// f_op_scene_req.o
// data
80450614:freezeActors
80450CE0:isUsingOfOverlap

// f_ap_game.o
80018A6C:fapGm_Execute

// f_op_actor_mng.o
8001BBE8:createItemForPresentDemo
8001BC74:createItemForTrBoxDemo
8001C078:createDemoItem
8001C0D4:createItemForBoss
8001C174:createItemForMidBoss
8001C1B8:createItemForDirectGet
8001C1FC:createItemForSimpleDemo

// d_map_path_dmap.o
8003EE5C:getMapPlayerPos
8003EF20:getMapPlayerAngleY

// d_item.o
80097E8C:execItemGet
80097EE0:checkItemGet
800982B4:item_func_UTUWA_HEART

// d_a_alink.h
8009DA60:checkStageName
800B271C:setStickData
800BB4B8:checkHeavyStateOn
800C77F4:procCoMetamorphoseInit
8011A6FC:checkTreasureRupeeReturn
803DCE54:linkStatus
8038e77c:lanternVariables
80115c20:checkEventRun
800cf270:checkCanoeRide
800cf25c:checkBoardRide
800cf284:checkHorseRide
800cf2c8:checkSpinnerRide
800cf2b4:checkBoarRide

// data
8038EB8C:ladderVars

// d_menu_collect.o
801B3340:setWalletMaxNum

// d_msg_flow.o
8024B8E4:query022

// DynamicLink.o
80262C5C:do_link

// JKRExpHeap.o
802CF128:do_alloc_JKRExpHeap
802CF7AC:do_free_JKRExpHeap

// OSCache.o
// 8033B56C:DCEnable
// 8033B580:DCInvalidateRange
8033B5AC:DCFlushRange
// 8033B5DC:DCStoreRange
// 8033B60C:DCFlushRangeNoSync
// 8033B638:DCStoreRangeNoSync
// 8033B664:DCZeroRange
8033B690:ICInvalidateRange
// 8033B6C4:ICFlashInvalidate
// 8033B6D4:ICEnable
// 8033B6E8:__LCEnable
// 8033B7B4:LCEnable
// 8033B7EC:LCDisable
// 8033B814:LCStoreBlocks
// 8033B838:LCStoreData
// 8033B8E4:LCQueueWait
// 8033B8F8:L2GlobalInvalidate
// 8033B990:DMAErrorHandler
// 8033BAF0:__OSCacheInit

// runtime.o
80362108:_savefpr_14
8036210C:_savefpr_15
80362110:_savefpr_16
80362114:_savefpr_17
80362118:_savefpr_18
8036211C:_savefpr_19
80362120:_savefpr_20
80362124:_savefpr_21
80362128:_savefpr_22
8036212C:_savefpr_23
80362130:_savefpr_24
80362134:_savefpr_25
80362138:_savefpr_26
8036213C:_savefpr_27
80362140:_savefpr_28
80362144:_savefpr_29
80362148:_savefpr_30
8036214C:_savefpr_31
803621A0:_savegpr_14
803621A4:_savegpr_15
803621A8:_savegpr_16
803621AC:_savegpr_17
803621B0:_savegpr_18
803621B4:_savegpr_19
803621B8:_savegpr_20
803621BC:_savegpr_21
803621C0:_savegpr_22
803621C4:_savegpr_23
803621C8:_savegpr_24
803621CC:_savegpr_25
803621D0:_savegpr_26
803621D4:_savegpr_27
803621D8:_savegpr_28
803621DC:_savegpr_29
803621E0:_savegpr_30
803621E4:_savegpr_31
8036245C:__umoddi3

// mem.o
8036608C:memcmp

// printf.o
803664DC:sprintf
803665BC:snprintf

// string.o
80368994:strcmp
80368B2C:strcpy
80368AE8:strncpy

//currentState
803A66B3:current_state

// m_Do_controller_pad.o
// data
803DD2E8:cpadInfo

// d_com_inf_game.o
// data
804061C0:dComIfG_gameInfo
8002B36C:setItemBombNumCount

// d_kankyo.o
// data
8042CA54:env_light

// JFWSystem.o
// data
804511B8:systemConsole

//currentState
803A66B3:current_state

//walletText
80bbc749:wallet_text

//walletdescription
80BBD835:wallet_description

//canwarp
804069B6:can_warp

//resource.o
802a9490:parseCharacter_1Byte

//d_item_data.o
803AC5A0:item_resource
803ADD88:field_item_res
803AED78:item_info

//d_meter2_info.o
804301A4:wZButtonPtr
